
ROM used:   1115/8192 (14%)
            1115/8192 (14%) including unused fragments

            1.0 Average locations per line
            4.5 Average locations per statement

RAM used:   18/368 (5%) at main() level
            23/368 (6%) worst case

Stack used: 2 worst case (1 in main + 1 for interrupts)
Stack size: 8

Lines Stmts  %   Files
----- ----- ---  -----
  354   246 100  main.c
  708     0   0  ..\..\..\..\..\..\Program Files (x86)\PICC\Devices\16f877a.h
----- -----
 1062   246 Total

Page ROM  %  RAM    Vol Diff  Functions:
---- --- --- ---    --- ----  ----------
0     20   2    1             @delay_ms1
0     14   1    0             @const705
0     27   2    0    262  3.7  ngat_timer
0     82   7    0    394  2.8  ban_dem
0    409  37    4   3275  6.5  bt
0     21   2    3             @DIV88
0    409  37    4   3275  6.5  dd
0     84   8    1    882  3.9  MAIN
 Inline         0             @cinit1

Program metrics:
    Functions               5
    Statements              246
    Comments                191
    Volume (V)              10222
    Difficulty (D)          23.5
    Effort to implement (E) 239842
    Time to implement (T)   3 hours, 42 minutes
    Est Delivered Bugs (B)  1
    Cyclomatic Complexity   25
    Maintainability (MI)    60

 Segment     Used  Free
-----------  ----  ----
00000-00003     4  0  
00004-00030    45  0  
00031-007FF  1066  933  
00800-00FFF     0  2048  
01000-017FF     0  2048  
01800-01FFF     0  2048  



